{
  message: 'Connection has been established successfully.',
  level: 'info',
  timestamp: 'Nov-04-2023 16:06:57'
}
{
  message: 'App is listening on PORT: 4044',
  level: 'info',
  timestamp: 'Nov-04-2023 16:06:57'
}
{
  message: 'Connection has been established successfully.',
  level: 'info',
  timestamp: 'Nov-11-2023 13:36:15'
}
{
  message: 'App is listening on PORT: 4044',
  level: 'info',
  timestamp: 'Nov-11-2023 13:36:15'
}
{
  message: 'Connection has been established successfully.',
  level: 'info',
  timestamp: 'Nov-11-2023 13:36:34'
}
{
  message: 'App is listening on PORT: 4044',
  level: 'info',
  timestamp: 'Nov-11-2023 13:36:34'
}
{
  message: 'Connection has been established successfully.',
  level: 'info',
  timestamp: 'Nov-11-2023 13:43:15'
}
{
  message: 'App is listening on PORT: 4044',
  level: 'info',
  timestamp: 'Nov-11-2023 13:43:16'
}
{
  message: 'Connection has been established successfully.',
  level: 'info',
  timestamp: 'Nov-11-2023 13:54:41'
}
{
  message: 'App is listening on PORT: 4044',
  level: 'info',
  timestamp: 'Nov-11-2023 13:54:41'
}
{
  message: 'Connection has been established successfully.',
  level: 'info',
  timestamp: 'Nov-11-2023 13:55:11'
}
{
  message: 'App is listening on PORT: 4044',
  level: 'info',
  timestamp: 'Nov-11-2023 13:55:11'
}
{
  message: 'Connection has been established successfully.',
  level: 'info',
  timestamp: 'Nov-11-2023 13:55:19'
}
{
  message: 'App is listening on PORT: 4044',
  level: 'info',
  timestamp: 'Nov-11-2023 13:55:19'
}
{
  message: 'Connection has been established successfully.',
  level: 'info',
  timestamp: 'Nov-11-2023 14:03:07'
}
{
  message: 'App is listening on PORT: 4044',
  level: 'info',
  timestamp: 'Nov-11-2023 14:03:07'
}
{
  message: 'Connection has been established successfully.',
  level: 'info',
  timestamp: 'Nov-11-2023 14:03:37'
}
{
  message: 'App is listening on PORT: 4044',
  level: 'info',
  timestamp: 'Nov-11-2023 14:03:37'
}
{
  message: 'Connection has been established successfully.',
  level: 'info',
  timestamp: 'Nov-11-2023 14:12:22'
}
{
  message: 'App is listening on PORT: 4044',
  level: 'info',
  timestamp: 'Nov-11-2023 14:12:23'
}
{
  message: 'Connection has been established successfully.',
  level: 'info',
  timestamp: 'Nov-11-2023 14:13:08'
}
{
  message: 'App is listening on PORT: 4044',
  level: 'info',
  timestamp: 'Nov-11-2023 14:13:08'
}
{
  message: 'Connection has been established successfully.',
  level: 'info',
  timestamp: 'Nov-11-2023 14:20:07'
}
{
  message: 'App is listening on PORT: 4044',
  level: 'info',
  timestamp: 'Nov-11-2023 14:20:07'
}
{
  message: 'Connection has been established successfully.',
  level: 'info',
  timestamp: 'Nov-11-2023 15:20:05'
}
{
  message: 'App is listening on PORT: 4044',
  level: 'info',
  timestamp: 'Nov-11-2023 15:20:05'
}
{
  message: 'Connection has been established successfully.',
  level: 'info',
  timestamp: 'Nov-11-2023 15:27:53'
}
{
  message: 'App is listening on PORT: 4044',
  level: 'info',
  timestamp: 'Nov-11-2023 15:27:53'
}
{
  message: 'Connection has been established successfully.',
  level: 'info',
  timestamp: 'Nov-11-2023 15:32:46'
}
{
  message: 'App is listening on PORT: 4044',
  level: 'info',
  timestamp: 'Nov-11-2023 15:32:46'
}
{
  message: 'Connection has been established successfully.',
  level: 'info',
  timestamp: 'Nov-11-2023 15:35:44'
}
{
  message: 'App is listening on PORT: 4044',
  level: 'info',
  timestamp: 'Nov-11-2023 15:35:44'
}
{
  message: 'Connection has been established successfully.',
  level: 'info',
  timestamp: 'Nov-11-2023 15:36:21'
}
{
  message: 'App is listening on PORT: 4044',
  level: 'info',
  timestamp: 'Nov-11-2023 15:36:21'
}
{
  message: 'Connection has been established successfully.',
  level: 'info',
  timestamp: 'Nov-11-2023 15:38:39'
}
{
  message: 'App is listening on PORT: 4044',
  level: 'info',
  timestamp: 'Nov-11-2023 15:38:39'
}
{
  message: 'Connection has been established successfully.',
  level: 'info',
  timestamp: 'Nov-11-2023 15:39:55'
}
{
  message: 'App is listening on PORT: 4044',
  level: 'info',
  timestamp: 'Nov-11-2023 15:39:55'
}
{
  message: 'Connection has been established successfully.',
  level: 'info',
  timestamp: 'Nov-11-2023 15:44:42'
}
{
  message: 'App is listening on PORT: 4044',
  level: 'info',
  timestamp: 'Nov-11-2023 15:44:42'
}
{
  message: 'Connection has been established successfully.',
  level: 'info',
  timestamp: 'Nov-11-2023 15:51:21'
}
{
  message: 'App is listening on PORT: 4044',
  level: 'info',
  timestamp: 'Nov-11-2023 15:51:22'
}
{
  message: 'Connection has been established successfully.',
  level: 'info',
  timestamp: 'Nov-11-2023 15:59:28'
}
{
  message: 'App is listening on PORT: 4044',
  level: 'info',
  timestamp: 'Nov-11-2023 15:59:28'
}
{
  message: 'Connection has been established successfully.',
  level: 'info',
  timestamp: 'Nov-11-2023 16:01:08'
}
{
  message: 'App is listening on PORT: 4044',
  level: 'info',
  timestamp: 'Nov-11-2023 16:01:08'
}
{
  message: 'Connection has been established successfully.',
  level: 'info',
  timestamp: 'Nov-11-2023 16:03:08'
}
{
  message: 'App is listening on PORT: 4044',
  level: 'info',
  timestamp: 'Nov-11-2023 16:03:08'
}
{
  message: 'Connection has been established successfully.',
  level: 'info',
  timestamp: 'Nov-11-2023 16:05:14'
}
{
  message: 'App is listening on PORT: 4044',
  level: 'info',
  timestamp: 'Nov-11-2023 16:05:14'
}
{
  message: 'Connection has been established successfully.',
  level: 'info',
  timestamp: 'Nov-11-2023 16:07:07'
}
{
  message: 'App is listening on PORT: 4044',
  level: 'info',
  timestamp: 'Nov-11-2023 16:07:08'
}
{
  message: 'Connection has been established successfully.',
  level: 'info',
  timestamp: 'Nov-11-2023 16:10:12'
}
{
  message: 'App is listening on PORT: 4044',
  level: 'info',
  timestamp: 'Nov-11-2023 16:10:12'
}
{
  message: 'App is listening on PORT: 4044',
  level: 'info',
  timestamp: 'Nov-11-2023 16:13:22'
}
{
  message: 'Connection has been established successfully.',
  level: 'info',
  timestamp: 'Nov-11-2023 16:15:03'
}
{
  message: 'App is listening on PORT: 4044',
  level: 'info',
  timestamp: 'Nov-11-2023 16:15:03'
}
{
  message: 'Connection has been established successfully.',
  level: 'info',
  timestamp: 'Nov-11-2023 16:15:19'
}
{
  message: 'App is listening on PORT: 4044',
  level: 'info',
  timestamp: 'Nov-11-2023 16:15:19'
}
{
  message: 'Connection has been established successfully.',
  level: 'info',
  timestamp: 'Nov-11-2023 16:17:15'
}
{
  message: 'App is listening on PORT: 4044',
  level: 'info',
  timestamp: 'Nov-11-2023 16:17:15'
}
{
  message: 'Connection has been established successfully.',
  level: 'info',
  timestamp: 'Nov-11-2023 16:17:58'
}
{
  message: 'App is listening on PORT: 4044',
  level: 'info',
  timestamp: 'Nov-11-2023 16:17:58'
}
{
  message: 'Connection has been established successfully.',
  level: 'info',
  timestamp: 'Nov-11-2023 16:27:02'
}
{
  message: 'App is listening on PORT: 4044',
  level: 'info',
  timestamp: 'Nov-11-2023 16:27:02'
}
{
  message: 'Connection has been established successfully.',
  level: 'info',
  timestamp: 'Nov-11-2023 17:40:46'
}
{
  message: 'App is listening on PORT: 4044',
  level: 'info',
  timestamp: 'Nov-11-2023 17:40:48'
}
{
  message: 'Connection has been established successfully.',
  level: 'info',
  timestamp: 'Nov-11-2023 17:43:10'
}
{
  message: 'App is listening on PORT: 4044',
  level: 'info',
  timestamp: 'Nov-11-2023 17:43:11'
}
{
  message: 'Connection has been established successfully.',
  level: 'info',
  timestamp: 'Nov-13-2023 18:15:49'
}
{
  message: 'App is listening on PORT: 4044',
  level: 'info',
  timestamp: 'Nov-13-2023 18:15:49'
}
{
  message: 'Connection has been established successfully.',
  level: 'info',
  timestamp: 'Nov-13-2023 18:35:00'
}
{
  message: 'App is listening on PORT: 4044',
  level: 'info',
  timestamp: 'Nov-13-2023 18:35:00'
}
{
  message: 'Connection has been established successfully.',
  level: 'info',
  timestamp: 'Nov-13-2023 18:36:10'
}
{
  message: 'App is listening on PORT: 4044',
  level: 'info',
  timestamp: 'Nov-13-2023 18:36:10'
}
{
  message: 'Connection has been established successfully.',
  level: 'info',
  timestamp: 'Nov-13-2023 18:42:12'
}
{
  message: 'App is listening on PORT: 4044',
  level: 'info',
  timestamp: 'Nov-13-2023 18:42:12'
}
{
  message: 'Connection has been established successfully.',
  level: 'info',
  timestamp: 'Nov-13-2023 18:42:31'
}
{
  message: 'App is listening on PORT: 4044',
  level: 'info',
  timestamp: 'Nov-13-2023 18:42:31'
}
{
  message: 'Connection has been established successfully.',
  level: 'info',
  timestamp: 'Nov-13-2023 18:42:36'
}
{
  message: 'App is listening on PORT: 4044',
  level: 'info',
  timestamp: 'Nov-13-2023 18:42:36'
}
{
  message: 'Connection has been established successfully.',
  level: 'info',
  timestamp: 'Nov-13-2023 18:54:15'
}
{
  message: 'App is listening on PORT: 4044',
  level: 'info',
  timestamp: 'Nov-13-2023 18:54:15'
}
{
  message: 'Connection has been established successfully.',
  level: 'info',
  timestamp: 'Nov-13-2023 19:16:17'
}
{
  message: 'App is listening on PORT: 4044',
  level: 'info',
  timestamp: 'Nov-13-2023 19:16:17'
}
{
  message: 'Connection has been established successfully.',
  level: 'info',
  timestamp: 'Nov-13-2023 19:17:14'
}
{
  message: 'App is listening on PORT: 4044',
  level: 'info',
  timestamp: 'Nov-13-2023 19:17:14'
}
{
  message: 'Connection has been established successfully.',
  level: 'info',
  timestamp: 'Nov-13-2023 19:17:18'
}
{
  message: 'App is listening on PORT: 4044',
  level: 'info',
  timestamp: 'Nov-13-2023 19:17:18'
}
{
  message: 'App is listening on PORT: 4044',
  level: 'info',
  timestamp: 'Nov-13-2023 19:21:00'
}
{
  message: 'Connection has been established successfully.',
  level: 'info',
  timestamp: 'Nov-13-2023 19:26:04'
}
{
  message: 'App is listening on PORT: 4044',
  level: 'info',
  timestamp: 'Nov-13-2023 19:26:04'
}
{
  message: 'Connection has been established successfully.',
  level: 'info',
  timestamp: 'Nov-14-2023 16:32:24'
}
{
  message: 'App is listening on PORT: 4044',
  level: 'info',
  timestamp: 'Nov-14-2023 16:32:25'
}
{
  message: 'Connection has been established successfully.',
  level: 'info',
  timestamp: 'Nov-14-2023 16:32:40'
}
{
  message: 'App is listening on PORT: 4044',
  level: 'info',
  timestamp: 'Nov-14-2023 16:32:40'
}
{
  message: 'Connection has been established successfully.',
  level: 'info',
  timestamp: 'Nov-14-2023 16:42:39'
}
{
  message: 'App is listening on PORT: 4044',
  level: 'info',
  timestamp: 'Nov-14-2023 16:42:39'
}
{
  message: 'Connection has been established successfully.',
  level: 'info',
  timestamp: 'Nov-14-2023 16:44:55'
}
{
  message: 'App is listening on PORT: 4044',
  level: 'info',
  timestamp: 'Nov-14-2023 16:44:55'
}
{
  message: 'Connection has been established successfully.',
  level: 'info',
  timestamp: 'Nov-14-2023 16:49:13'
}
{
  message: 'App is listening on PORT: 4044',
  level: 'info',
  timestamp: 'Nov-14-2023 16:49:13'
}
{
  message: 'Connection has been established successfully.',
  level: 'info',
  timestamp: 'Nov-14-2023 16:51:33'
}
{
  message: 'App is listening on PORT: 4044',
  level: 'info',
  timestamp: 'Nov-14-2023 16:51:33'
}
{
  message: 'Connection has been established successfully.',
  level: 'info',
  timestamp: 'Nov-14-2023 17:12:22'
}
{
  message: 'App is listening on PORT: 4044',
  level: 'info',
  timestamp: 'Nov-14-2023 17:12:22'
}
{
  message: 'Connection has been established successfully.',
  level: 'info',
  timestamp: 'Nov-14-2023 17:17:25'
}
{
  message: 'App is listening on PORT: 4044',
  level: 'info',
  timestamp: 'Nov-14-2023 17:17:26'
}
{
  message: 'Connection has been established successfully.',
  level: 'info',
  timestamp: 'Nov-16-2023 12:56:55'
}
{
  message: 'App is listening on PORT: 4044',
  level: 'info',
  timestamp: 'Nov-16-2023 12:56:55'
}
{
  message: 'Connection has been established successfully.',
  level: 'info',
  timestamp: 'Nov-16-2023 12:57:06'
}
{
  message: 'App is listening on PORT: 4044',
  level: 'info',
  timestamp: 'Nov-16-2023 12:57:06'
}
{
  message: 'Connection has been established successfully.',
  level: 'info',
  timestamp: 'Nov-16-2023 12:58:41'
}
{
  message: 'App is listening on PORT: 4044',
  level: 'info',
  timestamp: 'Nov-16-2023 12:58:41'
}
{
  message: 'Connection has been established successfully.',
  level: 'info',
  timestamp: 'Nov-16-2023 12:59:03'
}
{
  message: 'App is listening on PORT: 4044',
  level: 'info',
  timestamp: 'Nov-16-2023 12:59:03'
}
{
  message: 'Connection has been established successfully.',
  level: 'info',
  timestamp: 'Nov-16-2023 13:05:48'
}
{
  message: 'App is listening on PORT: 4044',
  level: 'info',
  timestamp: 'Nov-16-2023 13:05:49'
}
{
  message: 'Connection has been established successfully.',
  level: 'info',
  timestamp: 'Nov-16-2023 13:11:21'
}
{
  message: 'App is listening on PORT: 4044',
  level: 'info',
  timestamp: 'Nov-16-2023 13:11:21'
}
{
  message: 'Connection has been established successfully.',
  level: 'info',
  timestamp: 'Nov-16-2023 15:15:00'
}
{
  message: 'App is listening on PORT: 4044',
  level: 'info',
  timestamp: 'Nov-16-2023 15:15:01'
}
{
  message: 'Connection has been established successfully.',
  level: 'info',
  timestamp: 'Nov-16-2023 15:15:09'
}
{
  message: 'App is listening on PORT: 4044',
  level: 'info',
  timestamp: 'Nov-16-2023 15:15:09'
}
{
  message: 'Connection has been established successfully.',
  level: 'info',
  timestamp: 'Nov-16-2023 15:15:25'
}
{
  message: 'App is listening on PORT: 4044',
  level: 'info',
  timestamp: 'Nov-16-2023 15:15:25'
}
{
  message: 'Connection has been established successfully.',
  level: 'info',
  timestamp: 'Nov-18-2023 14:04:06'
}
{
  message: 'App is listening on PORT: 4044',
  level: 'info',
  timestamp: 'Nov-18-2023 14:04:06'
}
{
  message: 'Connection has been established successfully.',
  level: 'info',
  timestamp: 'Nov-18-2023 14:05:02'
}
{
  message: 'App is listening on PORT: 4044',
  level: 'info',
  timestamp: 'Nov-18-2023 14:05:02'
}
{
  message: 'Connection has been established successfully.',
  level: 'info',
  timestamp: 'Nov-18-2023 14:10:28'
}
{
  message: 'App is listening on PORT: 4044',
  level: 'info',
  timestamp: 'Nov-18-2023 14:10:28'
}
{
  message: 'Connection has been established successfully.',
  level: 'info',
  timestamp: 'Nov-18-2023 14:16:50'
}
{
  message: 'App is listening on PORT: 4044',
  level: 'info',
  timestamp: 'Nov-18-2023 14:16:50'
}
{
  message: 'Connection has been established successfully.',
  level: 'info',
  timestamp: 'Nov-18-2023 14:33:44'
}
{
  message: 'App is listening on PORT: 4044',
  level: 'info',
  timestamp: 'Nov-18-2023 14:33:44'
}
{
  message: 'Connection has been established successfully.',
  level: 'info',
  timestamp: 'Nov-18-2023 14:34:42'
}
{
  message: 'App is listening on PORT: 4044',
  level: 'info',
  timestamp: 'Nov-18-2023 14:34:42'
}
